
ASEM-51 V1.3                                         Copyright (c) 2002 by W.W. Heinz                                         PAGE 1





       MCS-51 Family Macro Assembler   A S E M - 5 1   V 1.3
       =====================================================



	Source File:	..\main.asm
	Object File:	Debug.HEX
	List File:	Debug.lst



 Line  I  Addr  Code            Source

    1:				;====================================================================
    2:				; DEFINITIONS
    3:				;====================================================================
    4:		D      0090	printPort equ P1
    5:		R	 R0	regTable equ R0
    6:		R	 R2	nPrint equ R2
    7:		N      00C8	memTable equ 200
    8:		B      00A7	displayX equ P2.7
    9:		B      00A6	displayY equ P2.6
   10:				;====================================================================
   11:				; VARIABLES
   12:				;====================================================================
   13:
   14:				;====================================================================
   15:				; RESET and INTERRUPT VECTORS
   16:				;====================================================================
   17:
   18:				    ; Reset Vector
   19:		N      0000		org   0000h
   20:	  0000	02 01 00		JMP   Start
   21:
   22:					;Externa 0
   23:		N      0003		org 0003h
   24:	  0003	12 01 24		CALL externa0
   25:	  0006	32			RETI
   26:
   27:					; Timer0
   28:		N      000B		org 000Bh
   29:	  000B	B2 90			CPL P1.0
   30:	  000D	12 02 50		CALL timer0Rotina
   31:	  0010	32			RETI
   32:
   33:					;externa 1
   34:		N      0013		org 0013h
   35:	  0013	12 01 78		CALL externa1
   36:	  0016	32			RETI
   37:
   38:
   39:					;Timer 1
   40:		N      001B		ORG 1BH
   41:
   42:				;====================================================================
   43:				; CODE SEGMENT

ASEM-51 V1.3                                         Copyright (c) 2002 by W.W. Heinz                                         PAGE 2



 Line  I  Addr  Code            Source

   44:				;====================================================================
   45:
   46:		N      0100	    ORG   0100h
   47:	  0100			Start:
   48:					;MainBemFeita
   49:					;Coloca a distancia em R5 e o tempo em R4
   50:	  0100	7C 01			MOV R4,#1
   51:	  0102	7D 26			MOV R5,#38
   52:	  0104	12 02 3F		CALL checkSpeed
   53:	  0107	80 FE			JMP $
   54:
   55:	  0109	12 01 0E		CALL Reset_inicial
   56:	  010C	80 FE			JMP $
   57:
   58:	  010E			Reset_inicial:
   59:					;P0.1 indica que esta na fase da captura de dados
   60:	  010E	D2 81			SETB P0.1
   61:					;Habilitando as interupções
   62:	  0110	D2 AF			SETB EA
   63:					;Habilitando a interupção externa 0
   64:	  0112	D2 A8			SETB EX0
   65:					;Transformando em interupção por borda
   66:	  0114	D2 88			SETB IT0
   67:	  0116	D2 8A			SETB IT1
   68:
   69:	  0118	12 01 20		CALL Arruma_Timer
   70:	  011B	7D 00			MOV R5,#0
   71:	  011D	7E 00			MOV R6,#0
   72:	  011F	22			RET
   73:
   74:
   75:
   76:	  0120			Arruma_Timer:
   77:					; Timer 0 e Timer 1, modo 1 (contador de 16 bits)
   78:	  0120	75 89 11		MOV TMOD, #00010001b
   79:					;Liga interrupções, e liga interrupção de timer0
   80:					;SETB ET0
   81:	  0123	22			RET
   82:
   83:	  0124			externa0:
   84:	  0124	C2 AA			CLR EX1
   85:	  0126	C2 A8			CLR EX0
   86:	  0128	B2 A3			CPL P2.3
   87:	  012A	30 A3 06		JNB P2.3,FinalizaContagem ;if(P2.3 != 0) FinalizaContagem
   88:	  012D	12 01 37		CALL inicia_contagem_frequencia ;inicia contagem
   89:	  0130	D2 A8			SETB EX0
   90:	  0132	22			RET
   91:	  0133			FinalizaContagem:
   92:	  0133	12 01 40		CALL para_contagem_frequencia
   93:					;SETB EX0
   94:	  0136	22			RET
   95:
   96:	  0137			inicia_contagem_frequencia:
   97:	  0137	75 8C 00		MOV TH0,#0
   98:	  013A	75 8A 00		MOV TL0,#0
   99:

ASEM-51 V1.3                                         Copyright (c) 2002 by W.W. Heinz                                         PAGE 3



 Line  I  Addr  Code            Source

  100:					;Inicializa o timer0
  101:	  013D	D2 8C		    SETB TR0
  102:	  013F	22			RET
  103:
  104:	  0140			para_contagem_frequencia:
  105:	  0140	C2 8C			CLR TR0
  106:					;Salvando o valor contado
  107:	  0142	E5 8A			MOV A,TL0
  108:	  0144	FB			MOV R3,A
  109:	  0145	E5 8C			MOV A,TH0
  110:	  0147	FC			MOV R4,A
  111:
  112:	  0148	BD 00 0C		CJNE R5,#0,compara_valores ; if(R5 != 0) vai para compara_valores
  113:	  014B	BE 00 09		CJNE R6,#0,compara_valores ; if(R6 != 0) vai para compara_valores
  114:	  014E			carrega_tempos:
  115:	  014E	EB			MOV A,R3
  116:	  014F	FD			MOV R5,A
  117:	  0150	EC			MOV A,R4
  118:	  0151	FE			MOV R6,A
  119:	  0152	31 37			CALL inicia_contagem_frequencia
  120:	  0154	D2 A8			SETB EX0
  121:	  0156	22			RET
  122:
  123:					;Compara os valores
  124:	  0157			compara_valores:
  125:					;Tempo L novo
  126:	  0157	EE			MOV A,R6
  127:					;Tempo L antigo
  128:	  0158	9C			SUBB A,R4
  129:
  130:					;Nosso threshold eh de 1 unidades de timer
  131:					;A esta segurando a diferença entre TL
  132:	  0159	C3			CLR C
  133:	  015A	94 01			SUBB A,#1
  134:
  135:	  015C	50 03			JNC mudou_frequecia
  136:	  015E	D2 A8			SETB EX0
  137:	  0160	22			RET
  138:	  0161			mudou_frequecia:
  139:					;Inicializa o timer1
  140:	  0161	D2 8E		    SETB TR1
  141:					;liga a interrupcao 1
  142:	  0163	D2 AA			SETB EX1
  143:	  0165	D2 A3			SETB P2.3
  144:	  0167	7E 00			MOV R6,#0
  145:	  0169	7D 00			MOV R5,#0
  146:	  016B	75 90 AA		MOV P1, #10101010B
  147:	  016E	22			RET
  148:
  149:	  016F			Delay:	;Um segundo de delay
  150:	  016F	7F C8							MOV R7,#200
  151:	  0171	7E 01		LOOP:				MOV R6,#1
  152:	  0173	DD FE							DJNZ R5,$
  153:	  0175	DF FA							DJNZ R7,LOOP
  154:	  0177	22							RET
  155:				;;;;;;;;;;;;;;;;;;;;;;;;;;;ESPELHO P/ EX1 ;;;;;;;;;;;;;;;;;;;;;;;;;;;;;;;;;;;;;;;;;;;;;;;;;;;;;;;;

ASEM-51 V1.3                                         Copyright (c) 2002 by W.W. Heinz                                         PAGE 4



 Line  I  Addr  Code            Source

  156:
  157:
  158:
  159:	  0178			externa1:
  160:	  0178	C2 AA			CLR EX1
  161:	  017A	B2 A3			CPL P2.3; OLHAR
  162:	  017C	30 A3 06		JNB P2.3,FinalizaContagem2 ;if(P2.3 != 0) FinalizaContagem
  163:	  017F	12 01 89		CALL inicia_contagem_frequencia2 ;inicia contagem
  164:	  0182	D2 AA			SETB EX1
  165:	  0184	22			RET
  166:	  0185			FinalizaContagem2:
  167:	  0185	12 01 94		CALL para_contagem_frequencia2
  168:					;SETB EX1
  169:	  0188	22			RET
  170:
  171:	  0189			inicia_contagem_frequencia2:
  172:	  0189	75 8C 00		MOV TH0,#0
  173:	  018C	75 8A 00		MOV TL0,#0
  174:
  175:					;Inicializa o timer0
  176:	  018F	D2 8C		    SETB TR0
  177:	  0191	D2 AA			SETB EX1
  178:	  0193	22			RET
  179:
  180:	  0194			para_contagem_frequencia2:
  181:	  0194	C2 8C			CLR TR0
  182:					;Salvando o valor contado
  183:	  0196	E5 8A			MOV A,TL0
  184:	  0198	FB			MOV R3,A
  185:	  0199	E5 8C			MOV A,TH0
  186:	  019B	FC			MOV R4,A
  187:
  188:	  019C	BD 00 0A		CJNE R5,#0,compara_valores2; if(R5 != 0) vai para compara_valores
  189:	  019F	BE 00 07		CJNE R6,#0,compara_valores2 ; if(R6 != 0) vai para compara_valores
  190:	  01A2			carrega_tempos2:
  191:	  01A2	EB			MOV A,R3
  192:	  01A3	FD			MOV R5,A
  193:	  01A4	EC			MOV A,R4
  194:	  01A5	FE			MOV R6,A
  195:	  01A6	31 89			CALL inicia_contagem_frequencia2
  196:	  01A8	22			RET
  197:
  198:					;Compara os valores
  199:	  01A9			compara_valores2:
  200:					;Tempo L novo
  201:	  01A9	EE			MOV A,R6
  202:					;Tempo L antigo
  203:	  01AA	9C			SUBB A,R4
  204:
  205:					;Nosso threshold eh de 1 unidades de timer
  206:					;A esta segurando a diferença entre TL
  207:	  01AB	C3			CLR C
  208:	  01AC	94 01			SUBB A,#1
  209:
  210:	  01AE	50 03			JNC mudou_frequecia2
  211:	  01B0	D2 AA			SETB EX1

ASEM-51 V1.3                                         Copyright (c) 2002 by W.W. Heinz                                         PAGE 5



 Line  I  Addr  Code            Source

  212:	  01B2	22			RET
  213:	  01B3			mudou_frequecia2:
  214:					;Finaliza o timer1
  215:	  01B3	C2 8E		    CLR TR1
  216:
  217:					;Implementar o que precisa fazer para chamar as funções do display
  218:	  01B5	22			RET
  219:
  220:				;;;;;;;;;;;;;;;;;;;;;;;;;;;;;;;;;;;;;;;;;;;;;;;;;;;;;;;;;;;;;;;;;;;;;;;;;;;;;;;;;;;;;;;;;;;;;;;;;;
  221:
  222:	  01B6			ROTINA:
  223:	  01B6	B2 A5		       CPL P2.5 ; complementa estado do bit 0 do PORT 1
  224:	  01B8	32		       RETI ; retorno da rotina interrupção
  225:
  226:	  01B9			configTimersToDisplay:
  227:					;Configurando tempo do timer0
  228:	  01B9	7B 1E			MOV R3,#30
  229:
  230:					; Timer 0 e Timer 1, modo 1 (contador de 16 bits)
  231:	  01BB	75 89 11		MOV TMOD, #00010001b
  232:
  233:					;Liga interrupções, e liga interrupção de timer0
  234:	  01BE	D2 AF			SETB EA
  235:	  01C0	D2 A9			SETB ET0
  236:					;SETB ET1
  237:
  238:					;Inicializa o timer0
  239:	  01C2	D2 8C		    SETB TR0
  240:					;SETB TR1
  241:
  242:					;Configuração da quantidade de tempo
  243:	  01C4	85 FF 8C		MOV TH0, 255
  244:	  01C7	85 00 8A		MOV TL0, 0
  245:
  246:	  01CA	22			RET
  247:
  248:	  01CB			loadNumbers:
  249:	  01CB	78 C8			MOV regTable,#memTable
  250:					;Caso seja o número 0
  251:	  01CD	76 C0			MOV @regTable,#11000000b
  252:
  253:					;Passando para próximo endereço
  254:	  01CF	E8			MOV A, regTable
  255:	  01D0	24 01			ADD A,#1
  256:	  01D2	F8			MOV regTable, A
  257:
  258:					;Caso seja o número 1
  259:	  01D3	76 79			MOV @regTable,#1111001b
  260:
  261:					;Passando para próximo endereço
  262:	  01D5	E8			MOV A, regTable
  263:	  01D6	24 01			ADD A,#1
  264:	  01D8	F8			MOV regTable, A
  265:
  266:					;Caso seja o número 2
  267:	  01D9	76 A4			MOV @regTable,#10100100b

ASEM-51 V1.3                                         Copyright (c) 2002 by W.W. Heinz                                         PAGE 6



 Line  I  Addr  Code            Source

  268:
  269:					;Passando para próximo endereço
  270:	  01DB	E8			MOV A, regTable
  271:	  01DC	24 01			ADD A,#1
  272:	  01DE	F8			MOV regTable, A
  273:
  274:					;Caso seja o número 3
  275:	  01DF	76 B0			MOV @regTable,#10110000b
  276:
  277:					;Passando para próximo endereço
  278:	  01E1	E8			MOV A, regTable
  279:	  01E2	24 01			ADD A,#1
  280:	  01E4	F8			MOV regTable, A
  281:
  282:					;Caso seja o número 4
  283:	  01E5	76 19			MOV @regTable,#00011001b
  284:
  285:					;Passando para próximo endereço
  286:	  01E7	E8			MOV A, regTable
  287:	  01E8	24 01			ADD A,#1
  288:	  01EA	F8			MOV regTable, A
  289:
  290:					;Caso seja o número 5
  291:	  01EB	76 12			MOV @regTable,#00010010b
  292:
  293:					;Passando para próximo endereço
  294:	  01ED	E8			MOV A, regTable
  295:	  01EE	24 01			ADD A,#1
  296:	  01F0	F8			MOV regTable, A
  297:
  298:					;Caso seja o número 6
  299:	  01F1	76 82			MOV @regTable,#10000010b
  300:
  301:					;Passando para próximo endereço
  302:	  01F3	E8			MOV A, regTable
  303:	  01F4	24 01			ADD A,#1
  304:	  01F6	F8			MOV regTable, A
  305:
  306:					;Caso seja o número 7
  307:	  01F7	76 78			MOV @regTable,#1111000b
  308:
  309:					;Passando para próximo endereço
  310:	  01F9	E8			MOV A, regTable
  311:	  01FA	24 01			ADD A,#1
  312:	  01FC	F8			MOV regTable, A
  313:
  314:					;Caso seja o número 8
  315:	  01FD	76 00			MOV @regTable,#00000000b
  316:
  317:					;Passando para próximo endereço
  318:	  01FF	E8			MOV A, regTable
  319:	  0200	24 01			ADD A,#1
  320:	  0202	F8			MOV regTable, A
  321:
  322:					;Caso seja o número 9
  323:	  0203	76 60			MOV @regTable,#01100000b

ASEM-51 V1.3                                         Copyright (c) 2002 by W.W. Heinz                                         PAGE 7



 Line  I  Addr  Code            Source

  324:
  325:					;Passando para próximo endereço
  326:	  0205	E8			MOV A, regTable
  327:	  0206	24 01			ADD A,#1
  328:	  0208	F8			MOV regTable, A
  329:
  330:	  0209	22			RET
  331:
  332:	  020A			writeNumber:
  333:					;Colocando o ponteiro pra posição inicial dos números
  334:	  020A	78 C8			MOV regTable,#memTable
  335:
  336:					;Colocando o ponteiro no número correto a ser escrito
  337:	  020C	EA			MOV A, nPrint
  338:	  020D	28			ADD A, regTable
  339:
  340:					;Escrevendo na porta o valor
  341:	  020E	F8			MOV regTable, A
  342:	  020F	86 90			MOV printPort, @regTable
  343:
  344:	  0211	22			RET
  345:
  346:	  0212			write2Displays:
  347:					;Salvando o número a ser impresso
  348:	  0212	EA			MOV A, nPrint
  349:	  0213	FF			MOV R7,A
  350:
  351:					;Indo para a rotina de printar dezena, caso o displayX nao esteja setado
  352:	  0214	20 A7 19		JB displayX, printDezena
  353:
  354:					;Fazendo rotina para pegar unidade
  355:	  0217	EF			MOV A,R7
  356:
  357:					;Pegando a parte inteira da divisão por 10, as dezenas
  358:	  0218	75 F0 0A		MOV B,#10
  359:	  021B	84			DIV AB
  360:
  361:	  021C	75 F0 0A		MOV B,#10
  362:					;Pegando as unidades
  363:	  021F	A4			MUL AB
  364:	  0220	F5 F0			MOV B,A
  365:	  0222	EF			MOV A,R7
  366:	  0223	AE F0			MOV R6,B
  367:	  0225	9E			SUBB A, R6
  368:
  369:					;Printando as unidades
  370:	  0226	D2 A7			SETB displayX
  371:	  0228	C2 A6			CLR displayY
  372:	  022A	FA			MOV nPrint,A
  373:	  022B	51 0A			CALL writeNumber
  374:
  375:	  022D	EF			MOV A,R7
  376:	  022E	FA			MOV nPrint, A
  377:
  378:	  022F	32			RETI
  379:

ASEM-51 V1.3                                         Copyright (c) 2002 by W.W. Heinz                                         PAGE 8



 Line  I  Addr  Code            Source

  380:	  0230			printDezena:
  381:	  0230	EF			MOV A,R7
  382:					;Pegando a parte inteira da divisão por 10, as dezenas
  383:	  0231	75 F0 0A		MOV B,#10
  384:	  0234	84			DIV AB
  385:
  386:					;Printando no display da dezena
  387:	  0235	C2 A7			CLR displayX
  388:	  0237	D2 A6			SETB displayY
  389:	  0239	FA			MOV nPrint,A
  390:	  023A	51 0A			CALL writeNumber
  391:
  392:	  023C	EF			MOV A,R7
  393:	  023D	FA			MOV nPrint, A
  394:	  023E	32			RETI
  395:
  396:	  023F			checkSpeed:
  397:					;Supondo que tenha o tempo em R4 e a Distancia em R5
  398:	  023F	8C F0			MOV B, R4
  399:	  0241	ED			MOV A, R5
  400:
  401:					;Pegando a Velocidade por hr
  402:	  0242	84			DIV AB
  403:	  0243	FA			MOV nPrint,A
  404:
  405:					;Checando se passou de 40
  406:	  0244	C3			CLR C
  407:	  0245	94 28			SUBB A,#40
  408:
  409:					;Decide se liga led/buzzer ou só escreve nos displays
  410:	  0247	40 02			JC writingSpeed
  411:	  0249	C2 80			CLR P0.0
  412:
  413:	  024B			writingSpeed:
  414:					;Escrevendo
  415:	  024B	31 CB			CALL loadNumbers
  416:	  024D	31 B9			CALL configTimersToDisplay
  417:	  024F	22			RET
  418:
  419:	  0250			timer0Rotina:
  420:	  0250	DB 09			DJNZ R3, t0r
  421:					;Desligando display, buzzer e led
  422:	  0252	D2 80			SETB P0.0
  423:	  0254	C2 A7			CLR displayX
  424:	  0256	C2 A6			CLR displayY
  425:	  0258	C2 8C			CLR TR0
  426:	  025A	22			RET
  427:	  025B			t0r:
  428:	  025B	41 12			AJMP write2Displays
  429:	  025D	22			RET
  430:
  431:				;====================================================================
  432:				      END




ASEM-51 V1.3                                         Copyright (c) 2002 by W.W. Heinz                                         PAGE 9





                     register banks used:  ---

                     no errors




ASEM-51 V1.3                                        Copyright (c) 2002 by W.W. Heinz                                         PAGE 10





	       L I S T   O F   S Y M B O L S
	       =============================


SYMBOL				  TYPE     VALUE	LINE
------------------------------------------------------------
??ASEM_51			  NUMBER    8051
??VERSION			  NUMBER    0130
AC				  BIT	      D6
ACC				  DATA	      E0
ARRUMA_TIMER			  CODE	    0120	  76
B				  DATA	      F0
CARREGA_TEMPOS			  CODE	    014E	 114
CARREGA_TEMPOS2			  CODE	    01A2	 190
CHECKSPEED			  CODE	    023F	 396
COMPARA_VALORES			  CODE	    0157	 124
COMPARA_VALORES2		  CODE	    01A9	 199
CONFIGTIMERSTODISPLAY		  CODE	    01B9	 226
CY				  BIT	      D7
DELAY				  CODE	    016F	 149
DISPLAYX			  NUMBER    00A7	   8
DISPLAYY			  NUMBER    00A6	   9
DPH				  DATA	      83
DPL				  DATA	      82
EA				  BIT	      AF
ES				  BIT	      AC
ET0				  BIT	      A9
ET1				  BIT	      AB
EX0				  BIT	      A8
EX1				  BIT	      AA
EXTERNA0			  CODE	    0124	  83
EXTERNA1			  CODE	    0178	 159
EXTI0				  CODE	    0003
EXTI1				  CODE	    0013
F0				  BIT	      D5
FINALIZACONTAGEM		  CODE	    0133	  91
FINALIZACONTAGEM2		  CODE	    0185	 166
IE				  DATA	      A8
IE0				  BIT	      89
IE1				  BIT	      8B
INICIA_CONTAGEM_FREQUENCIA	  CODE	    0137	  96
INICIA_CONTAGEM_FREQUENCIA2	  CODE	    0189	 171
INT0				  BIT	      B2
INT1				  BIT	      B3
IP				  DATA	      B8
IT0				  BIT	      88
IT1				  BIT	      8A
LOADNUMBERS			  CODE	    01CB	 248
LOOP				  CODE	    0171	 151
MEMTABLE			  NUMBER    00C8	   7
MUDOU_FREQUECIA			  CODE	    0161	 138
MUDOU_FREQUECIA2		  CODE	    01B3	 213
NPRINT				  REGISTER    R2	   6
OV				  BIT	      D2
P				  BIT	      D0
P0				  DATA	      80

ASEM-51 V1.3                                        Copyright (c) 2002 by W.W. Heinz                                         PAGE 11



SYMBOL				  TYPE     VALUE	LINE
------------------------------------------------------------
P1				  DATA	      90
P2				  DATA	      A0
P3				  DATA	      B0
PARA_CONTAGEM_FREQUENCIA	  CODE	    0140	 104
PARA_CONTAGEM_FREQUENCIA2	  CODE	    0194	 180
PCON				  DATA	      87
PRINTDEZENA			  CODE	    0230	 380
PRINTPORT			  NUMBER    0090	   4
PS				  BIT	      BC
PSW				  DATA	      D0
PT0				  BIT	      B9
PT1				  BIT	      BB
PX0				  BIT	      B8
PX1				  BIT	      BA
RB8				  BIT	      9A
RD				  BIT	      B7
REGTABLE			  REGISTER    R0	   5
REN				  BIT	      9C
RESET				  CODE	    0000
RESET_INICIAL			  CODE	    010E	  58
RI				  BIT	      98
ROTINA				  CODE	    01B6	 222
RS0				  BIT	      D3
RS1				  BIT	      D4
RXD				  BIT	      B0
SBUF				  DATA	      99
SCON				  DATA	      98
SINT				  CODE	    0023
SM0				  BIT	      9F
SM1				  BIT	      9E
SM2				  BIT	      9D
SP				  DATA	      81
START				  CODE	    0100	  47
T0				  BIT	      B4
T0R				  CODE	    025B	 427
T1				  BIT	      B5
TB8				  BIT	      9B
TCON				  DATA	      88
TF0				  BIT	      8D
TF1				  BIT	      8F
TH0				  DATA	      8C
TH1				  DATA	      8D
TI				  BIT	      99
TIMER0				  CODE	    000B
TIMER0ROTINA			  CODE	    0250	 419
TIMER1				  CODE	    001B
TL0				  DATA	      8A
TL1				  DATA	      8B
TMOD				  DATA	      89
TR0				  BIT	      8C
TR1				  BIT	      8E
TXD				  BIT	      B1
WR				  BIT	      B6
WRITE2DISPLAYS			  CODE	    0212	 346
WRITENUMBER			  CODE	    020A	 332
WRITINGSPEED			  CODE	    024B	 413
